                                 Started job on |	May 03 13:30:19
                             Started mapping on |	May 03 13:31:14
                                    Finished on |	May 03 13:31:35
       Mapping speed, Million of reads per hour |	171.43

                          Number of input reads |	999980
                      Average input read length |	99
                                    UNIQUE READS:
                   Uniquely mapped reads number |	776464
                        Uniquely mapped reads % |	77.65%
                          Average mapped length |	99.62
                       Number of splices: Total |	440655
            Number of splices: Annotated (sjdb) |	438585
                       Number of splices: GT/AG |	436726
                       Number of splices: GC/AG |	3327
                       Number of splices: AT/AC |	439
               Number of splices: Non-canonical |	163
                      Mismatch rate per base, % |	0.17%
                         Deletion rate per base |	0.00%
                        Deletion average length |	1.49
                        Insertion rate per base |	0.00%
                       Insertion average length |	1.32
                             MULTI-MAPPING READS:
        Number of reads mapped to multiple loci |	214324
             % of reads mapped to multiple loci |	21.43%
        Number of reads mapped to too many loci |	388
             % of reads mapped to too many loci |	0.04%
                                  UNMAPPED READS:
       % of reads unmapped: too many mismatches |	0.07%
                 % of reads unmapped: too short |	0.73%
                     % of reads unmapped: other |	0.08%
                                  CHIMERIC READS:
                       Number of chimeric reads |	0
                            % of chimeric reads |	0.00%
