                                 Started job on |	May 03 13:23:43
                             Started mapping on |	May 03 13:24:37
                                    Finished on |	May 03 13:24:59
       Mapping speed, Million of reads per hour |	163.64

                          Number of input reads |	999999
                      Average input read length |	99
                                    UNIQUE READS:
                   Uniquely mapped reads number |	805120
                        Uniquely mapped reads % |	80.51%
                          Average mapped length |	99.46
                       Number of splices: Total |	457246
            Number of splices: Annotated (sjdb) |	454953
                       Number of splices: GT/AG |	453315
                       Number of splices: GC/AG |	3308
                       Number of splices: AT/AC |	433
               Number of splices: Non-canonical |	190
                      Mismatch rate per base, % |	0.16%
                         Deletion rate per base |	0.00%
                        Deletion average length |	1.49
                        Insertion rate per base |	0.00%
                       Insertion average length |	1.35
                             MULTI-MAPPING READS:
        Number of reads mapped to multiple loci |	186447
             % of reads mapped to multiple loci |	18.64%
        Number of reads mapped to too many loci |	484
             % of reads mapped to too many loci |	0.05%
                                  UNMAPPED READS:
       % of reads unmapped: too many mismatches |	0.05%
                 % of reads unmapped: too short |	0.67%
                     % of reads unmapped: other |	0.07%
                                  CHIMERIC READS:
                       Number of chimeric reads |	0
                            % of chimeric reads |	0.00%
