                                 Started job on |	May 03 13:36:26
                             Started mapping on |	May 03 13:37:21
                                    Finished on |	May 03 13:37:42
       Mapping speed, Million of reads per hour |	171.43

                          Number of input reads |	999993
                      Average input read length |	99
                                    UNIQUE READS:
                   Uniquely mapped reads number |	821966
                        Uniquely mapped reads % |	82.20%
                          Average mapped length |	99.55
                       Number of splices: Total |	492069
            Number of splices: Annotated (sjdb) |	489206
                       Number of splices: GT/AG |	487948
                       Number of splices: GC/AG |	3488
                       Number of splices: AT/AC |	475
               Number of splices: Non-canonical |	158
                      Mismatch rate per base, % |	0.16%
                         Deletion rate per base |	0.00%
                        Deletion average length |	1.67
                        Insertion rate per base |	0.00%
                       Insertion average length |	1.35
                             MULTI-MAPPING READS:
        Number of reads mapped to multiple loci |	170007
             % of reads mapped to multiple loci |	17.00%
        Number of reads mapped to too many loci |	558
             % of reads mapped to too many loci |	0.06%
                                  UNMAPPED READS:
       % of reads unmapped: too many mismatches |	0.05%
                 % of reads unmapped: too short |	0.64%
                     % of reads unmapped: other |	0.06%
                                  CHIMERIC READS:
                       Number of chimeric reads |	0
                            % of chimeric reads |	0.00%
